<?xml version="1.0" encoding="UTF-8"?>
<testsuite xmlns:xsi="http://www.w3.org/2001/XMLSchema-instance" xsi:noNamespaceSchemaLocation="https://maven.apache.org/surefire/maven-surefire-plugin/xsd/surefire-test-report.xsd" version="3.0.2" name="com.loyalty.service_admin.application.service.RuleServiceExtendedTests" time="5.905" tests="34" errors="0" skipped="0" failures="0" flakes="0">
  <properties>
[...]
</properties>
  <testcase name="listRules_allRules" classname="RuleService Extended Tests" time="3.351"/>
  <testcase name="deleteTierFromRule_success" classname="RuleService Extended Tests" time="0.014">
    <system-out><![CDATA[10:18:03.681 [main] INFO com.loyalty.service_admin.application.service.RuleService -- Deleted tier 26e789f7-6244-4ffb-901b-37d500b0b82d from rule 5d64c602-ee08-47f2-85ee-0f08effca02e
]]></system-out>
  </testcase>
  <testcase name="deleteTierFromRule_notAssigned" classname="RuleService Extended Tests" time="0.052"/>
  <testcase name="getAllDiscountTypes_success" classname="RuleService Extended Tests" time="0.039"/>
  <testcase name="getDiscountPrioritiesByType_success" classname="RuleService Extended Tests" time="0.119"/>
  <testcase name="getRuleAssignedTiers_notFound" classname="RuleService Extended Tests" time="0.055"/>
  <testcase name="listRules_inactiveFilter" classname="RuleService Extended Tests" time="0.009"/>
  <testcase name="getDiscountPrioritiesByType_notFound" classname="RuleService Extended Tests" time="0.023"/>
  <testcase name="deleteRule_withPriorityResolution" classname="RuleService Extended Tests" time="0.042">
    <system-out><![CDATA[10:18:04.025 [main] INFO com.loyalty.service_admin.application.service.RuleService -- Rule soft deleted: 624d596c-8575-4ec9-a52a-da3cd2df4555
10:18:04.034 [main] INFO com.loyalty.service_admin.application.service.RuleService -- Published rule update event: ruleId=624d596c-8575-4ec9-a52a-da3cd2df4555, discountTypeCode=PRODUCT, ecommerceId=d6ecc4bb-9653-491f-9be2-b46d12f5d947
]]></system-out>
  </testcase>
  <testcase name="getAvailableAttributes_success" classname="RuleService Extended Tests" time="0.06"/>
  <testcase name="getRuleAssignedTiers_success" classname="RuleService Extended Tests" time="0.044"/>
  <testcase name="listClassification_success" classname="Classification Rules" time="0.076">
    <system-out><![CDATA[10:18:04.162 [main] INFO com.loyalty.service_admin.application.service.RuleService -- Listing classification rules for tier: 9e99c28b-2731-4ba2-8c69-ef62647a3169, ecommerce: b11cd772-cec6-498b-8cda-59bf9b4511d4
]]></system-out>
  </testcase>
  <testcase name="updateClassification_withAttributes" classname="Classification Rules" time="0.178">
    <system-out><![CDATA[10:18:04.268 [main] INFO com.loyalty.service_admin.application.service.RuleService -- Updating classification rule: ruleId=b8c74944-5925-429e-9dea-cf9f29d5562f, tierId=2e8ff6fc-65f2-4e58-b10c-1696d3f59f38, ecommerce=06dbd9a2-ea5d-498f-9cb7-9ecd3e7d9c1b
]]></system-out>
  </testcase>
  <testcase name="createClassification_success" classname="Classification Rules" time="0.135">
    <system-out><![CDATA[10:18:04.522 [main] INFO com.loyalty.service_admin.application.service.RuleService -- Creating classification rule for tier: 9fc4a1c0-0b43-48a7-986c-7c79140fbc47, ecommerce: 2e9120cc-d573-48a9-a2ac-6d5297078f52
10:18:04.541 [main] INFO com.loyalty.service_admin.application.service.RuleService -- Classification rule created with id: 40b658fe-ac56-4450-87ff-fc8b8e0d54b2
10:18:04.543 [main] INFO com.loyalty.service_admin.application.service.RuleService -- Classification rule linked to tier: ruleId=40b658fe-ac56-4450-87ff-fc8b8e0d54b2, tierId=9fc4a1c0-0b43-48a7-986c-7c79140fbc47
]]></system-out>
  </testcase>
  <testcase name="deleteClassification_success" classname="Classification Rules" time="0.046">
    <system-out><![CDATA[10:18:04.569 [main] INFO com.loyalty.service_admin.application.service.RuleService -- Soft deleting classification rule: ruleId=a3268b8e-fb6f-4ebe-91d5-4861543b4ef3, tierId=7380f829-2d28-44f1-83a2-f75721b47c1b, ecommerce=79335f13-deb0-4ca0-bbf9-908bcc252a62
10:18:04.592 [main] INFO com.loyalty.service_admin.application.service.RuleService -- Classification rule soft deleted: a3268b8e-fb6f-4ebe-91d5-4861543b4ef3
]]></system-out>
  </testcase>
  <testcase name="deleteClassification_notLinked" classname="Classification Rules" time="0.103">
    <system-out><![CDATA[10:18:04.720 [main] INFO com.loyalty.service_admin.application.service.RuleService -- Soft deleting classification rule: ruleId=6e3fa27e-e6d1-49a0-a9f1-0cc3044fab6b, tierId=a2fe434d-ff71-4e73-86f2-b61b66c3a502, ecommerce=f9e5ad7d-fd2c-4c54-9206-b58649f13275
]]></system-out>
  </testcase>
  <testcase name="updateClassification_success" classname="Classification Rules" time="0.027">
    <system-out><![CDATA[10:18:04.752 [main] INFO com.loyalty.service_admin.application.service.RuleService -- Updating classification rule: ruleId=d73bd9b2-dc03-436e-9eeb-f7fc84710acc, tierId=91798a41-d279-4a68-8da7-1107bf9cad56, ecommerce=b75daa0b-896f-4837-8d36-f71037414c52
]]></system-out>
  </testcase>
  <testcase name="listClassification_tierNotFound" classname="Classification Rules" time="0.034">
    <system-out><![CDATA[10:18:04.801 [main] INFO com.loyalty.service_admin.application.service.RuleService -- Listing classification rules for tier: 6c62c9af-e714-43b5-9db4-075a6ce9bb37, ecommerce: 30c19315-c5bf-485a-a05c-4e03f9c11c19
]]></system-out>
  </testcase>
  <testcase name="createClassification_wrongType" classname="Classification Rules" time="0.028">
    <system-out><![CDATA[10:18:04.826 [main] INFO com.loyalty.service_admin.application.service.RuleService -- Creating classification rule for tier: 95f56ec6-4bb3-45f8-ae43-9117d702efed, ecommerce: 158ee6ca-3762-4164-8cd2-3638f3a0b11a
]]></system-out>
  </testcase>
  <testcase name="createClassification_minGteMax" classname="Classification Rules" time="0.029"/>
  <testcase name="assignTiers_success" classname="assignCustomerTiersToRule" time="0.154">
    <system-out><![CDATA[10:18:05.034 [main] INFO com.loyalty.service_admin.application.service.RuleService -- Assigned 1 tiers to rule: 90351016-fca6-48f9-a4a2-4a3dfa205041
]]></system-out>
  </testcase>
  <testcase name="assignTiers_tierNotFound" classname="assignCustomerTiersToRule" time="0.161"/>
  <testcase name="assignTiers_ruleNotFound" classname="assignCustomerTiersToRule" time="0.046"/>
  <testcase name="updateRule_success" classname="updateRule" time="0.095">
    <system-out><![CDATA[10:18:05.374 [main] INFO com.loyalty.service_admin.application.service.RuleService -- Published rule update event: ruleId=c66a7785-b723-49a1-af55-9d91b1dcdb22, discountTypeCode=CLASSIFICATION, ecommerceId=21af819a-736c-4f4a-af97-beae09734864
]]></system-out>
  </testcase>
  <testcase name="updateRule_product_duplicateProductType" classname="updateRule" time="0.187"/>
  <testcase name="updateRule_notFound" classname="updateRule" time="0.018"/>
  <testcase name="createRule_seasonal_dateOverlap" classname="createRule" time="0.133">
    <system-out><![CDATA[10:18:05.680 [main] WARN com.loyalty.service_admin.application.service.RuleService -- Date overlap detected with rule: 6a95695a-a033-4283-9fca-55b91eb9a74c (dates: 2025-01-05 to 2025-01-15)
]]></system-out>
  </testcase>
  <testcase name="createRule_discountExceedsLimit" classname="createRule" time="0.076">
    <system-out><![CDATA[10:18:05.740 [main] WARN com.loyalty.service_admin.application.service.RuleService -- Discount 99.00 exceeds max cap: 50.00
]]></system-out>
  </testcase>
  <testcase name="createRule_product_success" classname="createRule" time="0.222">
    <system-out><![CDATA[10:18:06.044 [main] INFO com.loyalty.service_admin.application.service.RuleService -- Rule created with id: f635b939-b046-42a5-86e8-9cf3e343a2c0
10:18:06.046 [main] INFO com.loyalty.service_admin.application.service.RuleService -- Published rule update event: ruleId=f635b939-b046-42a5-86e8-9cf3e343a2c0, discountTypeCode=PRODUCT, ecommerceId=7cb3fc0f-0821-4ab4-889f-ba72bcb7ec2d
]]></system-out>
  </testcase>
  <testcase name="createRule_product_missingProductType" classname="createRule" time="0.013"/>
  <testcase name="createRule_priorityNotFound" classname="createRule" time="0.084"/>
  <testcase name="createRule_product_duplicateProductType" classname="createRule" time="0.01"/>
  <testcase name="createRule_discountTypeNotFound" classname="createRule" time="0.007"/>
  <testcase name="createRule_seasonal_startAfterEnd" classname="createRule" time="0.007"/>
</testsuite>