<?xml version="1.0" encoding="UTF-8"?>
<testsuite xmlns:xsi="http://www.w3.org/2001/XMLSchema-instance" xsi:noNamespaceSchemaLocation="https://maven.apache.org/surefire/maven-surefire-plugin/xsd/surefire-test-report.xsd" version="3.0.2" name="com.loyalty.service_admin.presentation.controller.RuleControllerTest" time="1.882" tests="26" errors="0" skipped="0" failures="0" flakes="0">
  <properties>
[...]
</properties>
  <testcase name="updateClassificationRuleForTier_returns200" classname="RuleController Unit Tests" time="0.431">
    <system-out><![CDATA[10:18:52 &amp#27;[32mINFO &amp#27;[0;39m &amp#27;[36mc.l.s.p.controller.RuleController&amp#27;[0;39m - PUT /api/v1/rules/customer-tiers/7a67a695-707d-4f34-8827-3a7f4799dbb8/fc0ecd40-41b2-4689-8e1e-2a8a07a64e00 - Updating classification rule
]]></system-out>
  </testcase>
  <testcase name="updateRule_nullEcommerce_throws" classname="RuleController Unit Tests" time="0.15">
    <system-out><![CDATA[10:18:52 &amp#27;[32mINFO &amp#27;[0;39m &amp#27;[36mc.l.s.p.controller.RuleController&amp#27;[0;39m - Updating rule: 7d8d7cf3-5ee5-4013-a992-e2101a39d966
]]></system-out>
  </testcase>
  <testcase name="getDiscountPrioritiesByType_returns200" classname="RuleController Unit Tests" time="0.134">
    <system-out><![CDATA[10:18:52 &amp#27;[32mINFO &amp#27;[0;39m &amp#27;[36mc.l.s.p.controller.RuleController&amp#27;[0;39m - Fetching discount priorities for type: 925a7996-9ba2-4b99-982c-f33f20ff2b1b
]]></system-out>
  </testcase>
  <testcase name="listClassificationRules_nullEcommerce_throws" classname="RuleController Unit Tests" time="0.006">
    <system-out><![CDATA[10:18:52 &amp#27;[32mINFO &amp#27;[0;39m &amp#27;[36mc.l.s.p.controller.RuleController&amp#27;[0;39m - GET /api/v1/rules/customer-tiers/ebd5495d-1b8f-489e-a9df-b55e3e4439fd - Listing classification rules
]]></system-out>
  </testcase>
  <testcase name="listRules_returns200" classname="RuleController Unit Tests" time="0.12"/>
  <testcase name="createClassificationRule_nullEcommerce_throws" classname="RuleController Unit Tests" time="0.156">
    <system-out><![CDATA[10:18:52 &amp#27;[32mINFO &amp#27;[0;39m &amp#27;[36mc.l.s.p.controller.RuleController&amp#27;[0;39m - POST /api/v1/rules/customer-tiers/8ee5b4cb-b4ff-42fd-a46d-05a1971ab517 - Creating classification rule. metricType=null
]]></system-out>
  </testcase>
  <testcase name="updateRule_returns200" classname="RuleController Unit Tests" time="0.038">
    <system-out><![CDATA[10:18:52 &amp#27;[32mINFO &amp#27;[0;39m &amp#27;[36mc.l.s.p.controller.RuleController&amp#27;[0;39m - Updating rule: 37b6b848-e2a0-418d-899c-4aef177de702
]]></system-out>
  </testcase>
  <testcase name="deleteClassificationRule_nullEcommerce_throws" classname="RuleController Unit Tests" time="0.029">
    <system-out><![CDATA[10:18:52 &amp#27;[32mINFO &amp#27;[0;39m &amp#27;[36mc.l.s.p.controller.RuleController&amp#27;[0;39m - DELETE /api/v1/rules/customer-tiers/77034356-6959-46db-b14e-c2078f518436/f2062bba-7d39-4e4f-b3c4-a58d1d4c8ef0 - Soft deleting classification rule
]]></system-out>
  </testcase>
  <testcase name="updateRuleStatus_returns200" classname="RuleController Unit Tests" time="0.006">
    <system-out><![CDATA[10:18:52 &amp#27;[32mINFO &amp#27;[0;39m &amp#27;[36mc.l.s.p.controller.RuleController&amp#27;[0;39m - Updating rule status: ruleId=24c010e6-07e7-4f98-b0f1-e8eb560c6daa, newStatus=true
]]></system-out>
  </testcase>
  <testcase name="deleteClassificationRuleForTier_returns204" classname="RuleController Unit Tests" time="0.006">
    <system-out><![CDATA[10:18:52 &amp#27;[32mINFO &amp#27;[0;39m &amp#27;[36mc.l.s.p.controller.RuleController&amp#27;[0;39m - DELETE /api/v1/rules/customer-tiers/ed3d5b88-2443-4daf-ab18-44eb88c4fe86/5980c105-727b-4aa9-bb50-5dd8b3a9db59 - Soft deleting classification rule
]]></system-out>
  </testcase>
  <testcase name="deleteCustomerTierFromRule_returns204" classname="RuleController Unit Tests" time="0.004">
    <system-out><![CDATA[10:18:52 &amp#27;[32mINFO &amp#27;[0;39m &amp#27;[36mc.l.s.p.controller.RuleController&amp#27;[0;39m - Deleting tier 42c74db7-5e34-4b35-a4bf-312dcfe16236 from rule: e702b3bc-fb26-478a-a68f-01dc1bc1b695
]]></system-out>
  </testcase>
  <testcase name="assignCustomerTiersToRule_returns201" classname="RuleController Unit Tests" time="0.18">
    <system-out><![CDATA[10:18:52 &amp#27;[32mINFO &amp#27;[0;39m &amp#27;[36mc.l.s.p.controller.RuleController&amp#27;[0;39m - Assigning 1 tiers to rule: 84a386e5-dd28-4d7c-8546-7ba472287dd9
]]></system-out>
  </testcase>
  <testcase name="updateClassificationRule_nullEcommerce_throws" classname="RuleController Unit Tests" time="0.01">
    <system-out><![CDATA[10:18:52 &amp#27;[32mINFO &amp#27;[0;39m &amp#27;[36mc.l.s.p.controller.RuleController&amp#27;[0;39m - PUT /api/v1/rules/customer-tiers/711abe9e-3909-4750-b1d6-5a06a8b2b98a/1b3cd6fa-382a-44af-8896-56cce0bba062 - Updating classification rule
]]></system-out>
  </testcase>
  <testcase name="updateRuleStatus_nullEcommerce_throws" classname="RuleController Unit Tests" time="0.008">
    <system-out><![CDATA[10:18:52 &amp#27;[32mINFO &amp#27;[0;39m &amp#27;[36mc.l.s.p.controller.RuleController&amp#27;[0;39m - Updating rule status: ruleId=d0b2f70a-964c-442c-b6c5-4d6acaed60ab, newStatus=true
]]></system-out>
  </testcase>
  <testcase name="deleteRule_nullEcommerce_throws" classname="RuleController Unit Tests" time="0.012">
    <system-out><![CDATA[10:18:52 &amp#27;[32mINFO &amp#27;[0;39m &amp#27;[36mc.l.s.p.controller.RuleController&amp#27;[0;39m - Deleting rule: ce30ad6e-9dea-479e-ba15-c55e6cb3b769
]]></system-out>
  </testcase>
  <testcase name="assignTiers_nullEcommerce_throws" classname="RuleController Unit Tests" time="0.015">
    <system-out><![CDATA[10:18:53 &amp#27;[32mINFO &amp#27;[0;39m &amp#27;[36mc.l.s.p.controller.RuleController&amp#27;[0;39m - Assigning 0 tiers to rule: 070205f5-f1cb-4f6e-9869-542d5cff0aa1
]]></system-out>
  </testcase>
  <testcase name="deleteTier_nullEcommerce_throws" classname="RuleController Unit Tests" time="0.015">
    <system-out><![CDATA[10:18:53 &amp#27;[32mINFO &amp#27;[0;39m &amp#27;[36mc.l.s.p.controller.RuleController&amp#27;[0;39m - Deleting tier a6fd6bc5-3a1a-4f41-b979-5010c9ad14ba from rule: b6d70660-8918-41b7-b49b-21ccefbffcaa
]]></system-out>
  </testcase>
  <testcase name="createRule_nullEcommerce_throws" classname="RuleController Unit Tests" time="0.007">
    <system-out><![CDATA[10:18:53 &amp#27;[32mINFO &amp#27;[0;39m &amp#27;[36mc.l.s.p.controller.RuleController&amp#27;[0;39m - Creating rule for ecommerce: null
]]></system-out>
  </testcase>
  <testcase name="getRuleById_returns200" classname="RuleController Unit Tests" time="0.02">
    <system-out><![CDATA[10:18:53 &amp#27;[32mINFO &amp#27;[0;39m &amp#27;[36mc.l.s.p.controller.RuleController&amp#27;[0;39m - Fetching rule: 0599f0a7-37ce-4031-a89f-54f52f2b011a
]]></system-out>
  </testcase>
  <testcase name="listClassificationRulesForTier_returns200" classname="RuleController Unit Tests" time="0.025">
    <system-out><![CDATA[10:18:53 &amp#27;[32mINFO &amp#27;[0;39m &amp#27;[36mc.l.s.p.controller.RuleController&amp#27;[0;39m - GET /api/v1/rules/customer-tiers/a5a26ab9-1519-485e-808f-b398666172a5 - Listing classification rules
]]></system-out>
  </testcase>
  <testcase name="listDiscountTypes_returns200" classname="RuleController Unit Tests" time="0.141">
    <system-out><![CDATA[10:18:53 &amp#27;[32mINFO &amp#27;[0;39m &amp#27;[36mc.l.s.p.controller.RuleController&amp#27;[0;39m - Fetching all discount types
]]></system-out>
  </testcase>
  <testcase name="getAvailableAttributes_returns200" classname="RuleController Unit Tests" time="0.157">
    <system-out><![CDATA[10:18:53 &amp#27;[32mINFO &amp#27;[0;39m &amp#27;[36mc.l.s.p.controller.RuleController&amp#27;[0;39m - Fetching available attributes for discount type: 7316abe2-2c91-4a3b-b3ab-7044c86d6bf6
]]></system-out>
  </testcase>
  <testcase name="deleteRule_returns204" classname="RuleController Unit Tests" time="0.003">
    <system-out><![CDATA[10:18:53 &amp#27;[32mINFO &amp#27;[0;39m &amp#27;[36mc.l.s.p.controller.RuleController&amp#27;[0;39m - Deleting rule: c4ecd687-462a-43d3-bac0-6565b7c1c279
]]></system-out>
  </testcase>
  <testcase name="getRuleAssignedTiers_returns200" classname="RuleController Unit Tests" time="0.151">
    <system-out><![CDATA[10:18:53 &amp#27;[32mINFO &amp#27;[0;39m &amp#27;[36mc.l.s.p.controller.RuleController&amp#27;[0;39m - Fetching assigned tiers for rule: 24142fb7-7da5-428c-8506-514a4c303791
]]></system-out>
  </testcase>
  <testcase name="createRule_returns201" classname="RuleController Unit Tests" time="0.008">
    <system-out><![CDATA[10:18:53 &amp#27;[32mINFO &amp#27;[0;39m &amp#27;[36mc.l.s.p.controller.RuleController&amp#27;[0;39m - Creating rule for ecommerce: aacfc16e-d504-46fb-ae33-4a3e9999ca8b
]]></system-out>
  </testcase>
  <testcase name="createClassificationRuleForTier_returns201" classname="RuleController Unit Tests" time="0.011">
    <system-out><![CDATA[10:18:53 &amp#27;[32mINFO &amp#27;[0;39m &amp#27;[36mc.l.s.p.controller.RuleController&amp#27;[0;39m - POST /api/v1/rules/customer-tiers/87936299-5871-44bb-8f4a-e8b09394057f - Creating classification rule. metricType=null
]]></system-out>
  </testcase>
</testsuite>